<?xml version="1.0" encoding="UTF-8"?>
<!-- Generated by org.testng.reporters.JUnitReportReporter -->
<testsuite skipped="0" hostname="GOD11259" name="com.psl.demo.SimpleClass" tests="1" failures="0" timestamp="10 Sep 2018 11:23:52 GMT" time="1.819" errors="0">
  <testcase name="test25" time="1.819" classname="com.psl.demo.SimpleClass"/>
</testsuite> <!-- com.psl.demo.SimpleClass -->
